Added Pin To Net: NetName=ENDSTOP1 Pin=J7-1
Added Pin To Net: NetName=ENDSTOP1 Pin=X1-A11
Added Pin To Net: NetName=ENDSTOP1 Pin=X1-B11
Added Net: Name=ENDSTOP1
Added Pin To Net: NetName=GND Pin=C1-2
Added Pin To Net: NetName=GND Pin=C2-2
Added Pin To Net: NetName=GND Pin=C3-2
Added Pin To Net: NetName=GND Pin=C4-2
Added Pin To Net: NetName=GND Pin=C5-2
Added Pin To Net: NetName=GND Pin=C6-2
Added Pin To Net: NetName=GND Pin=D4-4
Added Pin To Net: NetName=GND Pin=J1-2
Added Pin To Net: NetName=GND Pin=J2-2
Added Pin To Net: NetName=GND Pin=J4-2
Added Pin To Net: NetName=GND Pin=J5-2
Added Pin To Net: NetName=GND Pin=J7-2
Added Pin To Net: NetName=GND Pin=J8-4
Added Pin To Net: NetName=GND Pin=J9-1
Added Pin To Net: NetName=GND Pin=U1-1
Added Net: Name=GND
Added Pin To Net: NetName=H1THEM+ Pin=J11-1
Added Net: Name=H1THEM+
Added Pin To Net: NetName=H1THEM- Pin=J11-2
Added Net: Name=H1THEM-
Added Pin To Net: NetName=HE1+ Pin=J12-1
Added Pin To Net: NetName=HE1+ Pin=X1-A4
Added Pin To Net: NetName=HE1+ Pin=X1-A9
Added Pin To Net: NetName=HE1+ Pin=X1-B4
Added Pin To Net: NetName=HE1+ Pin=X1-B9
Added Net: Name=HE1+
Added Pin To Net: NetName=HE1GND Pin=J12-2
Added Pin To Net: NetName=HE1GND Pin=X1-A1
Added Pin To Net: NetName=HE1GND Pin=X1-A12
Added Pin To Net: NetName=HE1GND Pin=X1-B1
Added Pin To Net: NetName=HE1GND Pin=X1-B12
Added Net: Name=HE1GND
Added Pin To Net: NetName=HE1THEM+ Pin=X1-A2
Added Net: Name=HE1THEM+
Added Pin To Net: NetName=HE1THEM- Pin=X1-B2
Added Net: Name=HE1THEM-
Added Pin To Net: NetName=NetD2_2 Pin=D2-2
Added Pin To Net: NetName=NetD2_2 Pin=R1-1
Added Net: Name=NetD2_2
Added Pin To Net: NetName=NetD3_1 Pin=D3-1
Added Pin To Net: NetName=NetD3_1 Pin=R2-1
Added Net: Name=NetD3_1
Added Pin To Net: NetName=NetJ3_2 Pin=J3-2
Added Pin To Net: NetName=NetJ3_2 Pin=J7-3
Added Net: Name=NetJ3_2
Added Pin To Net: NetName=PF- Pin=J6-2
Added Pin To Net: NetName=PF- Pin=X1-A10
Added Pin To Net: NetName=PF- Pin=X1-B3
Added Pin To Net: NetName=PF- Pin=X1-B10
Added Net: Name=PF-
Added Pin To Net: NetName=S1P1+ Pin=J10-4
Added Pin To Net: NetName=S1P1+ Pin=X1-A6
Added Net: Name=S1P1+
Added Pin To Net: NetName=S1P1- Pin=J10-3
Added Pin To Net: NetName=S1P1- Pin=X1-A7
Added Net: Name=S1P1-
Added Pin To Net: NetName=S1P2+ Pin=J10-2
Added Pin To Net: NetName=S1P2+ Pin=X1-B6
Added Net: Name=S1P2+
Added Pin To Net: NetName=S1P2- Pin=J10-1
Added Pin To Net: NetName=S1P2- Pin=X1-B7
Added Net: Name=S1P2-
Added Pin To Net: NetName=SCL Pin=J8-1
Added Pin To Net: NetName=SCL Pin=X1-A8
Added Net: Name=SCL
Added Pin To Net: NetName=SDA Pin=J8-2
Added Pin To Net: NetName=SDA Pin=X1-B8
Added Net: Name=SDA
Added Pin To Net: NetName=SERVO1 Pin=J9-3
Added Pin To Net: NetName=SERVO1 Pin=X1-A3
Added Net: Name=SERVO1
Added Pin To Net: NetName=V5 Pin=C2-1
Added Pin To Net: NetName=V5 Pin=C4-1
Added Pin To Net: NetName=V5 Pin=C6-1
Added Pin To Net: NetName=V5 Pin=J3-1
Added Pin To Net: NetName=V5 Pin=J8-3
Added Pin To Net: NetName=V5 Pin=J9-2
Added Pin To Net: NetName=V5 Pin=U1-2
Added Net: Name=V5
Added Pin To Net: NetName=V12GND Pin=D4-2
Added Pin To Net: NetName=V12GND Pin=J13-2
Added Pin To Net: NetName=V12GND Pin=R1-2
Added Pin To Net: NetName=V12GND Pin=R2-2
Added Pin To Net: NetName=V12GND Pin=X1-B5
Added Net: Name=V12GND
Added Pin To Net: NetName=V12IN Pin=D2-1
Added Pin To Net: NetName=V12IN Pin=D3-2
Added Pin To Net: NetName=V12IN Pin=D4-3
Added Pin To Net: NetName=V12IN Pin=J13-1
Added Pin To Net: NetName=V12IN Pin=X1-A5
Added Net: Name=V12IN
Added Pin To Net: NetName=V12 Pin=C1-1
Added Pin To Net: NetName=V12 Pin=C3-1
Added Pin To Net: NetName=V12 Pin=C5-1
Added Pin To Net: NetName=V12 Pin=D4-1
Added Pin To Net: NetName=V12 Pin=J1-1
Added Pin To Net: NetName=V12 Pin=J2-1
Added Pin To Net: NetName=V12 Pin=J3-3
Added Pin To Net: NetName=V12 Pin=J4-1
Added Pin To Net: NetName=V12 Pin=J5-1
Added Pin To Net: NetName=V12 Pin=J6-1
Added Pin To Net: NetName=V12 Pin=U1-3
Added Net: Name=V12
