Removed Pin From Net: NetName=PF- Pin=D1-3
Removed Pin From Net: NetName=ENDSTOP1 Pin=J3-1
Removed Pin From Net: NetName=GND Pin=J3-2
Removed Pin From Net: NetName=V5 Pin=J3-3
Removed Pin From Net: NetName=V12 Pin=J7-3
Change Component DesignItemId : Designator=J3 Old DesignItemId=B3B-XH-A(LF)(SN) New DesignItemId=929400-01-36-RK
Change Component Comment : Designator=J3 Old Comment=JST 3-PIN New Comment=929400-01-36-RK
Change Component Designator: OldDesignator=D1 NewDesignator=D4
Change Component Description : Designator=J3 Old Description=CONN HEADER XH TOP 3POS 2.5MM JST B3B-XH-A(LF)(SN) New Description=3M 929400-01-36-RK CONN HEADER .100 SNGL STR 36POS - Use 3 Pin
Added Component: Designator=X1(USB_3.1)
Added Pin To Net: NetName=V5 Pin=J3-1
Added Pin To Net: NetName=V12 Pin=J3-3
Added Pin To Net: NetName=V12 Pin=J6-1
Added Pin To Net: NetName=PF- Pin=J6-2
Added Pin To Net: NetName=HE1GND Pin=X1-A1
Added Pin To Net: NetName=HE1THEM+ Pin=X1-A2
Added Pin To Net: NetName=SERVO1 Pin=X1-A3
Added Pin To Net: NetName=HE1+ Pin=X1-A4
Added Pin To Net: NetName=V12IN Pin=X1-A5
Added Pin To Net: NetName=S1P1+ Pin=X1-A6
Added Pin To Net: NetName=S1P1- Pin=X1-A7
Added Pin To Net: NetName=SCL Pin=X1-A8
Added Pin To Net: NetName=HE1+ Pin=X1-A9
Added Pin To Net: NetName=PF- Pin=X1-A10
Added Pin To Net: NetName=ENDSTOP1 Pin=X1-A11
Added Pin To Net: NetName=HE1GND Pin=X1-A12
Added Pin To Net: NetName=HE1GND Pin=X1-B1
Added Pin To Net: NetName=HE1THEM- Pin=X1-B2
Added Pin To Net: NetName=PF- Pin=X1-B3
Added Pin To Net: NetName=HE1+ Pin=X1-B4
Added Pin To Net: NetName=V12GND Pin=X1-B5
Added Pin To Net: NetName=S1P2+ Pin=X1-B6
Added Pin To Net: NetName=S1P2- Pin=X1-B7
Added Pin To Net: NetName=SDA Pin=X1-B8
Added Pin To Net: NetName=HE1+ Pin=X1-B9
Added Pin To Net: NetName=PF- Pin=X1-B10
Added Pin To Net: NetName=ENDSTOP1 Pin=X1-B11
Added Pin To Net: NetName=HE1GND Pin=X1-B12
Added Pin To Net: NetName=NetJ3_2 Pin=J3-2
Added Pin To Net: NetName=NetJ3_2 Pin=J7-3
Added Net: Name=NetJ3_2
Added Member To Class: ClassName=Sheet1_xbreak-k Member=Component X1 USB_3_1
